TN:
SF:app.js
FNF:0
FNH:0
DA:1,1
DA:2,1
DA:3,1
DA:6,1
DA:7,1
DA:8,1
DA:9,1
DA:10,1
DA:13,1
DA:14,1
DA:15,1
DA:17,1
DA:19,1
DA:25,1
LF:14
LH:14
BRDA:2,0,0,1
BRDA:2,0,1,0
BRF:2
BRH:1
end_of_record
TN:
SF:cotrollers/cartController.js
FN:4,(anonymous_0)
FN:53,(anonymous_1)
FN:111,(anonymous_2)
FN:134,(anonymous_3)
FN:169,(anonymous_4)
FNF:5
FNH:5
FNDA:2,(anonymous_0)
FNDA:3,(anonymous_1)
FNDA:1,(anonymous_2)
FNDA:2,(anonymous_3)
FNDA:2,(anonymous_4)
DA:1,1
DA:5,2
DA:6,2
DA:20,2
DA:22,2
DA:37,2
DA:38,2
DA:39,2
DA:41,2
DA:42,1
DA:44,1
DA:45,1
DA:50,1
DA:54,3
DA:55,3
DA:56,3
DA:64,3
DA:66,3
DA:71,3
DA:72,1
DA:77,2
DA:92,2
DA:93,2
DA:94,2
DA:96,2
DA:97,1
DA:100,1
DA:101,1
DA:106,2
DA:107,2
DA:112,1
DA:113,1
DA:114,1
DA:126,1
DA:127,1
DA:130,0
DA:135,2
DA:136,2
DA:137,2
DA:139,2
DA:146,2
DA:147,1
DA:152,1
DA:161,1
DA:165,1
DA:170,2
DA:171,2
DA:172,2
DA:173,2
DA:180,2
DA:181,1
DA:186,1
DA:193,1
DA:197,1
DA:198,1
DA:203,1
LF:56
LH:55
BRDA:41,0,0,1
BRDA:41,0,1,1
BRDA:44,1,0,1
BRDA:44,1,1,0
BRDA:71,2,0,1
BRDA:71,2,1,2
BRDA:96,3,0,1
BRDA:96,3,1,1
BRDA:100,4,0,1
BRDA:100,4,1,0
BRDA:126,5,0,1
BRDA:126,5,1,0
BRDA:146,6,0,1
BRDA:146,6,1,1
BRDA:180,7,0,1
BRDA:180,7,1,1
BRF:16
BRH:13
end_of_record
TN:
SF:cotrollers/catheringController.js
FN:5,(anonymous_0)
FN:46,(anonymous_1)
FNF:2
FNH:2
FNDA:5,(anonymous_0)
FNDA:3,(anonymous_1)
DA:1,1
DA:2,1
DA:6,5
DA:7,5
DA:9,5
DA:10,5
DA:11,1
DA:17,5
DA:18,1
DA:25,5
DA:26,5
DA:27,2
DA:28,1
DA:29,1
DA:30,1
DA:33,5
DA:38,5
DA:39,5
DA:43,0
DA:47,3
DA:48,3
DA:49,3
DA:51,2
DA:52,1
DA:56,1
DA:59,2
DA:64,1
LF:27
LH:26
BRDA:10,0,0,1
BRDA:10,0,1,4
BRDA:17,1,0,1
BRDA:17,1,1,4
BRDA:26,2,0,2
BRDA:26,2,1,3
BRDA:27,3,0,1
BRDA:27,3,1,1
BRDA:29,4,0,1
BRDA:29,4,1,0
BRDA:38,5,0,5
BRDA:38,5,1,0
BRDA:51,6,0,1
BRDA:51,6,1,1
BRF:14
BRH:12
end_of_record
TN:
SF:cotrollers/photographyController.js
FN:5,(anonymous_0)
FN:48,(anonymous_1)
FNF:2
FNH:2
FNDA:5,(anonymous_0)
FNDA:3,(anonymous_1)
DA:1,1
DA:2,1
DA:6,5
DA:7,5
DA:9,5
DA:10,5
DA:11,1
DA:17,5
DA:18,1
DA:25,5
DA:26,5
DA:27,2
DA:28,1
DA:29,1
DA:30,1
DA:34,5
DA:40,5
DA:41,5
DA:45,0
DA:49,3
DA:50,3
DA:51,3
DA:53,2
DA:54,1
DA:59,1
DA:62,2
DA:67,1
LF:27
LH:26
BRDA:10,0,0,1
BRDA:10,0,1,4
BRDA:17,1,0,1
BRDA:17,1,1,4
BRDA:26,2,0,2
BRDA:26,2,1,3
BRDA:27,3,0,1
BRDA:27,3,1,1
BRDA:29,4,0,1
BRDA:29,4,1,0
BRDA:40,5,0,5
BRDA:40,5,1,0
BRDA:53,6,0,1
BRDA:53,6,1,1
BRF:14
BRH:12
end_of_record
TN:
SF:cotrollers/productController.js
FN:3,(anonymous_0)
FN:22,(anonymous_1)
FNF:2
FNH:2
FNDA:1,(anonymous_0)
FNDA:3,(anonymous_1)
DA:1,1
DA:4,1
DA:5,1
DA:14,1
DA:15,1
DA:19,0
DA:23,3
DA:24,3
DA:25,3
DA:33,2
DA:34,1
DA:38,1
DA:41,2
DA:46,1
LF:14
LH:13
BRDA:14,0,0,1
BRDA:14,0,1,0
BRDA:33,1,0,1
BRDA:33,1,1,1
BRF:4
BRH:3
end_of_record
TN:
SF:cotrollers/transactionController.js
FN:23,(anonymous_0)
FN:42,(anonymous_1)
FN:93,(anonymous_2)
FN:103,(anonymous_3)
FNF:4
FNH:4
FNDA:2,(anonymous_0)
FNDA:3,(anonymous_1)
FNDA:1,(anonymous_2)
FNDA:1,(anonymous_3)
DA:4,1
DA:13,1
DA:14,1
DA:15,1
DA:19,1
DA:20,1
DA:24,2
DA:25,2
DA:26,2
DA:32,2
DA:33,1
DA:37,1
DA:39,1
DA:43,3
DA:44,3
DA:45,3
DA:46,3
DA:47,3
DA:61,3
DA:62,1
DA:66,2
DA:69,2
DA:70,1
DA:72,1
DA:73,1
DA:74,1
DA:75,1
DA:80,0
DA:83,1
DA:89,1
DA:94,1
DA:104,1
DA:105,1
DA:106,1
DA:107,1
DA:108,1
DA:116,1
DA:118,1
DA:126,1
DA:132,0
DA:137,1
LF:41
LH:39
BRDA:32,0,0,1
BRDA:32,0,1,1
BRDA:61,1,0,1
BRDA:61,1,1,2
BRDA:69,2,0,1
BRDA:69,2,1,1
BRF:6
BRH:6
end_of_record
TN:
SF:cotrollers/userControllers.js
FN:5,(anonymous_0)
FN:23,(anonymous_1)
FN:50,(anonymous_2)
FNF:3
FNH:3
FNDA:8,(anonymous_0)
FNDA:5,(anonymous_1)
FNDA:1,(anonymous_2)
DA:1,1
DA:2,1
DA:3,1
DA:6,8
DA:7,8
DA:8,8
DA:15,1
DA:20,7
DA:24,5
DA:25,5
DA:26,5
DA:27,3
DA:28,3
DA:29,1
DA:30,1
DA:39,1
DA:47,4
DA:51,1
DA:52,1
DA:54,1
DA:62,1
DA:63,0
DA:68,1
DA:70,0
DA:74,1
LF:25
LH:23
BRDA:26,0,0,2
BRDA:26,0,1,3
BRDA:26,1,0,5
BRDA:26,1,1,4
BRDA:28,2,0,2
BRDA:28,2,1,1
BRDA:29,3,0,0
BRDA:29,3,1,1
BRDA:62,4,0,0
BRDA:62,4,1,1
BRF:10
BRH:8
end_of_record
TN:
SF:cotrollers/venueControllers.js
FN:6,(anonymous_0)
FN:55,(anonymous_1)
FNF:2
FNH:2
FNDA:6,(anonymous_0)
FNDA:3,(anonymous_1)
DA:1,1
DA:2,1
DA:7,6
DA:8,6
DA:10,6
DA:11,6
DA:12,1
DA:18,6
DA:19,1
DA:24,6
DA:25,1
DA:32,6
DA:33,6
DA:34,2
DA:35,1
DA:36,1
DA:37,1
DA:41,6
DA:46,6
DA:47,6
DA:51,0
DA:56,3
DA:57,3
DA:59,3
DA:61,2
DA:62,1
DA:67,1
DA:69,2
DA:74,1
LF:29
LH:28
BRDA:11,0,0,1
BRDA:11,0,1,5
BRDA:18,1,0,1
BRDA:18,1,1,5
BRDA:24,2,0,1
BRDA:24,2,1,5
BRDA:33,3,0,2
BRDA:33,3,1,4
BRDA:34,4,0,1
BRDA:34,4,1,1
BRDA:36,5,0,1
BRDA:36,5,1,0
BRDA:46,6,0,6
BRDA:46,6,1,0
BRDA:61,7,0,1
BRDA:61,7,1,1
BRF:16
BRH:14
end_of_record
TN:
SF:helpers/bcrypt.js
FN:3,(anonymous_0)
FN:8,(anonymous_1)
FNF:2
FNH:2
FNDA:3,(anonymous_0)
FNDA:1,(anonymous_1)
DA:1,1
DA:3,1
DA:4,3
DA:5,3
DA:8,1
DA:9,1
DA:11,1
LF:7
LH:7
BRF:0
BRH:0
end_of_record
TN:
SF:helpers/generateInvoice.js
FN:4,generateInvoicePDF
FN:27,(anonymous_1)
FN:29,(anonymous_2)
FN:30,(anonymous_3)
FN:38,sendInvoiceEmail
FNF:5
FNH:5
FNDA:1,generateInvoicePDF
FNDA:1,(anonymous_1)
FNDA:61,(anonymous_2)
FNDA:1,(anonymous_3)
FNDA:1,sendInvoiceEmail
DA:1,1
DA:2,1
DA:5,1
DA:7,1
DA:8,1
DA:9,1
DA:10,1
DA:11,1
DA:12,1
DA:13,1
DA:14,1
DA:15,1
DA:16,1
DA:17,1
DA:18,1
DA:19,1
DA:20,1
DA:21,1
DA:22,1
DA:23,1
DA:24,1
DA:25,1
DA:27,1
DA:28,1
DA:29,61
DA:30,1
DA:31,1
DA:32,1
DA:34,1
DA:39,1
DA:47,1
DA:60,1
DA:63,1
LF:33
LH:33
BRF:0
BRH:0
end_of_record
TN:
SF:helpers/jwt.js
FN:4,(anonymous_0)
FN:8,(anonymous_1)
FNF:2
FNH:2
FNDA:1,(anonymous_0)
FNDA:19,(anonymous_1)
DA:1,1
DA:2,1
DA:4,1
DA:5,1
DA:8,1
DA:9,19
DA:11,1
LF:7
LH:7
BRDA:2,0,0,1
BRDA:2,0,1,1
BRF:2
BRH:2
end_of_record
TN:
SF:lib/createDataTest.js
FN:12,(anonymous_0)
FN:18,(anonymous_1)
FN:24,(anonymous_2)
FN:30,(anonymous_3)
FN:36,(anonymous_4)
FN:42,(anonymous_5)
FN:50,(anonymous_6)
FN:58,(anonymous_7)
FN:66,(anonymous_8)
FN:74,(anonymous_9)
FNF:10
FNH:10
FNDA:2,(anonymous_0)
FNDA:21,(anonymous_1)
FNDA:10,(anonymous_2)
FNDA:5,(anonymous_3)
FNDA:20,(anonymous_4)
FNDA:1,(anonymous_5)
FNDA:1,(anonymous_6)
FNDA:1,(anonymous_7)
FNDA:1,(anonymous_8)
FNDA:1,(anonymous_9)
DA:2,1
DA:3,1
DA:4,1
DA:5,1
DA:6,1
DA:7,1
DA:10,1
DA:12,2
DA:18,21
DA:24,10
DA:30,5
DA:36,20
DA:42,1
DA:43,1
DA:44,1
DA:46,0
DA:50,1
DA:51,1
DA:52,1
DA:54,0
DA:58,1
DA:59,1
DA:60,1
DA:62,0
DA:66,1
DA:67,1
DA:68,1
DA:70,0
DA:74,1
DA:75,1
DA:76,1
DA:78,0
DA:83,1
LF:33
LH:28
BRF:0
BRH:0
end_of_record
TN:
SF:lib/deleteDataTest.js
FN:3,(anonymous_0)
FN:8,(anonymous_1)
FN:13,(anonymous_2)
FN:18,(anonymous_3)
FN:23,(anonymous_4)
FN:28,(anonymous_5)
FN:33,(anonymous_6)
FNF:7
FNH:5
FNDA:1,(anonymous_0)
FNDA:1,(anonymous_1)
FNDA:1,(anonymous_2)
FNDA:1,(anonymous_3)
FNDA:1,(anonymous_4)
FNDA:0,(anonymous_5)
FNDA:0,(anonymous_6)
DA:1,1
DA:3,1
DA:4,1
DA:8,1
DA:9,1
DA:13,1
DA:14,1
DA:18,1
DA:19,1
DA:23,1
DA:24,1
DA:28,1
DA:29,0
DA:33,1
DA:34,0
DA:40,1
LF:16
LH:14
BRF:0
BRH:0
end_of_record
TN:
SF:middleware/authentication.js
FN:5,(anonymous_0)
FNF:1
FNH:1
FNDA:20,(anonymous_0)
DA:1,1
DA:2,1
DA:5,1
DA:6,20
DA:7,20
DA:9,20
DA:10,1
DA:15,19
DA:17,18
DA:18,18
DA:19,1
DA:24,17
DA:26,17
DA:28,3
DA:32,1
LF:15
LH:15
BRDA:9,0,0,1
BRDA:9,0,1,19
BRDA:18,1,0,1
BRDA:18,1,1,17
BRF:4
BRH:4
end_of_record
TN:
SF:middleware/errorHandling.js
FN:1,(anonymous_0)
FN:5,(anonymous_1)
FN:19,(anonymous_2)
FNF:3
FNH:3
FNDA:29,(anonymous_0)
FNDA:7,(anonymous_1)
FNDA:2,(anonymous_2)
DA:1,1
DA:2,29
DA:3,29
DA:5,5
DA:6,7
DA:8,5
DA:9,2
DA:11,3
DA:13,5
DA:16,5
DA:19,2
DA:20,2
DA:22,2
DA:23,0
DA:25,2
DA:27,2
DA:30,2
DA:32,4
DA:35,4
DA:37,2
DA:40,2
DA:42,2
DA:45,2
DA:47,1
DA:50,1
DA:52,1
DA:55,1
DA:57,1
DA:60,1
DA:62,2
DA:65,2
DA:67,2
DA:70,2
DA:72,1
DA:75,1
DA:77,6
DA:80,6
DA:84,1
LF:38
LH:37
BRDA:3,0,0,5
BRDA:3,0,1,2
BRDA:3,0,2,4
BRDA:3,0,3,2
BRDA:3,0,4,2
BRDA:3,0,5,1
BRDA:3,0,6,1
BRDA:3,0,7,1
BRDA:3,0,8,2
BRDA:3,0,9,2
BRDA:3,0,10,1
BRDA:3,0,11,6
BRDA:8,1,0,2
BRDA:8,1,1,3
BRDA:22,2,0,0
BRDA:22,2,1,2
BRF:16
BRH:15
end_of_record
TN:
SF:models/cart.js
FN:3,(anonymous_0)
FN:5,(anonymous_1)
FN:33,(anonymous_2)
FNF:3
FNH:2
FNDA:1,(anonymous_0)
FNDA:1,(anonymous_1)
FNDA:0,(anonymous_2)
DA:2,1
DA:3,1
DA:6,1
DA:7,1
DA:8,1
DA:9,1
DA:12,1
DA:33,1
DA:34,0
DA:36,1
LF:10
LH:9
BRF:0
BRH:0
end_of_record
TN:
SF:models/cathering.js
FN:5,(anonymous_0)
FN:8,(anonymous_1)
FNF:2
FNH:2
FNDA:1,(anonymous_0)
FNDA:1,(anonymous_1)
DA:4,1
DA:5,1
DA:9,1
DA:10,1
DA:13,1
DA:22,1
LF:6
LH:6
BRF:0
BRH:0
end_of_record
TN:
SF:models/index.js
FN:21,(anonymous_0)
FN:29,(anonymous_1)
FN:34,(anonymous_2)
FNF:3
FNH:3
FNDA:9,(anonymous_0)
FNDA:8,(anonymous_1)
FNDA:8,(anonymous_2)
DA:3,1
DA:4,1
DA:5,1
DA:6,1
DA:7,1
DA:8,1
DA:9,1
DA:10,1
DA:13,1
DA:14,0
DA:16,1
DA:19,1
DA:22,9
DA:30,8
DA:31,8
DA:34,1
DA:35,8
DA:36,8
DA:40,1
DA:41,1
DA:43,1
LF:21
LH:20
BRDA:8,0,0,1
BRDA:8,0,1,0
BRDA:13,1,0,0
BRDA:13,1,1,1
BRDA:23,2,0,9
BRDA:23,2,1,9
BRDA:23,2,2,8
BRDA:23,2,3,8
BRDA:35,3,0,8
BRDA:35,3,1,0
BRF:10
BRH:7
end_of_record
TN:
SF:models/photography.js
FN:5,(anonymous_0)
FN:8,(anonymous_1)
FNF:2
FNH:2
FNDA:1,(anonymous_0)
FNDA:1,(anonymous_1)
DA:4,1
DA:5,1
DA:9,1
DA:10,1
DA:13,1
DA:22,1
LF:6
LH:6
BRF:0
BRH:0
end_of_record
TN:
SF:models/product.js
FN:5,(anonymous_0)
FN:7,(anonymous_1)
FNF:2
FNH:2
FNDA:1,(anonymous_0)
FNDA:1,(anonymous_1)
DA:4,1
DA:5,1
DA:8,1
DA:9,1
DA:10,1
DA:14,1
DA:27,1
LF:7
LH:7
BRF:0
BRH:0
end_of_record
TN:
SF:models/transaction.js
FN:3,(anonymous_0)
FN:5,(anonymous_1)
FN:24,(anonymous_2)
FNF:3
FNH:3
FNDA:1,(anonymous_0)
FNDA:1,(anonymous_1)
FNDA:1,(anonymous_2)
DA:2,1
DA:3,1
DA:6,1
DA:7,1
DA:10,1
DA:24,1
DA:25,1
DA:27,1
LF:8
LH:8
BRF:0
BRH:0
end_of_record
TN:
SF:models/user.js
FN:4,(anonymous_0)
FN:6,(anonymous_1)
FN:62,(anonymous_2)
FNF:3
FNH:3
FNDA:1,(anonymous_0)
FNDA:1,(anonymous_1)
FNDA:3,(anonymous_2)
DA:2,1
DA:3,1
DA:4,1
DA:7,1
DA:8,1
DA:11,1
DA:62,1
DA:63,3
DA:64,3
DA:65,3
DA:67,1
LF:11
LH:11
BRF:0
BRH:0
end_of_record
TN:
SF:models/venue.js
FN:5,(anonymous_0)
FN:8,(anonymous_1)
FNF:2
FNH:2
FNDA:1,(anonymous_0)
FNDA:1,(anonymous_1)
DA:4,1
DA:5,1
DA:9,1
DA:10,1
DA:13,1
DA:26,1
LF:6
LH:6
BRF:0
BRH:0
end_of_record
TN:
SF:models/venueschedule.js
FN:5,(anonymous_0)
FN:12,(anonymous_1)
FNF:2
FNH:2
FNDA:1,(anonymous_0)
FNDA:1,(anonymous_1)
DA:4,1
DA:5,1
DA:16,1
DA:24,1
LF:4
LH:4
BRF:0
BRH:0
end_of_record
TN:
SF:router/cart.js
FNF:0
FNH:0
DA:1,1
DA:2,1
DA:3,1
DA:5,1
DA:6,1
DA:7,1
DA:8,1
DA:9,1
DA:12,1
LF:9
LH:9
BRF:0
BRH:0
end_of_record
TN:
SF:router/cathering.js
FNF:0
FNH:0
DA:1,1
DA:2,1
DA:3,1
DA:5,1
DA:6,1
DA:7,1
LF:6
LH:6
BRF:0
BRH:0
end_of_record
TN:
SF:router/index.js
FNF:0
FNH:0
DA:1,1
DA:2,1
DA:4,1
DA:5,1
DA:6,1
DA:7,1
DA:8,1
DA:9,1
DA:10,1
DA:11,1
DA:13,1
DA:14,1
DA:15,1
DA:16,1
DA:17,1
DA:18,1
DA:19,1
DA:20,1
DA:22,1
LF:19
LH:19
BRF:0
BRH:0
end_of_record
TN:
SF:router/photography.js
FNF:0
FNH:0
DA:1,1
DA:2,1
DA:3,1
DA:5,1
DA:6,1
DA:8,1
LF:6
LH:6
BRF:0
BRH:0
end_of_record
TN:
SF:router/product.js
FNF:0
FNH:0
DA:1,1
DA:2,1
DA:3,1
DA:5,1
DA:6,1
DA:8,1
LF:6
LH:6
BRF:0
BRH:0
end_of_record
TN:
SF:router/transaction.js
FNF:0
FNH:0
DA:1,1
DA:2,1
DA:3,1
DA:5,1
DA:6,1
DA:7,1
DA:9,1
LF:7
LH:7
BRF:0
BRH:0
end_of_record
TN:
SF:router/user.js
FNF:0
FNH:0
DA:1,1
DA:2,1
DA:3,1
DA:4,1
DA:7,1
DA:8,1
DA:9,1
DA:11,1
LF:8
LH:8
BRF:0
BRH:0
end_of_record
TN:
SF:router/venue.js
FNF:0
FNH:0
DA:1,1
DA:2,1
DA:3,1
DA:5,1
DA:6,1
DA:9,1
LF:6
LH:6
BRF:0
BRH:0
end_of_record
